# JRE version: OpenJDK Runtime Environment (11.0.13) (build 11.0.13+0-b1751.21-8125866)
# Java VM: OpenJDK 64-Bit Server VM (11.0.13+0-b1751.21-8125866, mixed mode, tiered, compressed oops, g1 gc, windows-amd64)
Heap:
 garbage-first heap   total 477184K, used 182388K [0x0000000080000000, 0x0000000100000000)
  region size 1024K, 9 young (9216K), 9 survivors (9216K)
 Metaspace       used 125804K, capacity 131252K, committed 131408K, reserved 1161216K
  class space    used 16988K, capacity 19289K, committed 19328K, reserved 1048576K
GC Heap History (20 events):
Event: 41.140 GC heap after
{Heap after GC invocations=68 (full 0):
 garbage-first heap   total 211968K, used 138417K [0x0000000080000000, 0x0000000100000000)
  region size 1024K, 2 young (2048K), 2 survivors (2048K)
 Metaspace       used 110901K, capacity 113925K, committed 114128K, reserved 1148928K
  class space    used 14143K, capacity 15291K, committed 15360K, reserved 1048576K
}
Event: 41.187 GC heap before
{Heap before GC invocations=68 (full 0):
 garbage-first heap   total 211968K, used 170161K [0x0000000080000000, 0x0000000100000000)
  region size 1024K, 34 young (34816K), 2 survivors (2048K)
 Metaspace       used 111373K, capacity 114407K, committed 114640K, reserved 1148928K
  class space    used 14194K, capacity 15344K, committed 15360K, reserved 1048576K
}
Event: 41.190 GC heap after
{Heap after GC invocations=69 (full 0):
 garbage-first heap   total 211968K, used 141450K [0x0000000080000000, 0x0000000100000000)
  region size 1024K, 5 young (5120K), 5 survivors (5120K)
 Metaspace       used 111373K, capacity 114407K, committed 114640K, reserved 1148928K
  class space    used 14194K, capacity 15344K, committed 15360K, reserved 1048576K
}
Event: 41.370 GC heap before
{Heap before GC invocations=69 (full 0):
 garbage-first heap   total 211968K, used 172170K [0x0000000080000000, 0x0000000100000000)
  region size 1024K, 36 young (36864K), 5 survivors (5120K)
 Metaspace       used 113663K, capacity 116975K, committed 117200K, reserved 1150976K
  class space    used 14596K, capacity 15872K, committed 15872K, reserved 1048576K
}
Event: 41.378 GC heap after
{Heap after GC invocations=70 (full 0):
 garbage-first heap   total 211968K, used 146716K [0x0000000080000000, 0x0000000100000000)
  region size 1024K, 5 young (5120K), 5 survivors (5120K)
 Metaspace       used 113663K, capacity 116975K, committed 117200K, reserved 1150976K
  class space    used 14596K, capacity 15872K, committed 15872K, reserved 1048576K
}
Event: 41.464 GC heap before
{Heap before GC invocations=70 (full 0):
 garbage-first heap   total 211968K, used 175388K [0x0000000080000000, 0x0000000100000000)
  region size 1024K, 34 young (34816K), 5 survivors (5120K)
 Metaspace       used 114716K, capacity 118148K, committed 118224K, reserved 1150976K
  class space    used 14724K, capacity 16052K, committed 16128K, reserved 1048576K
}
Event: 41.477 GC heap after
{Heap after GC invocations=71 (full 0):
 garbage-first heap   total 211968K, used 154849K [0x0000000080000000, 0x0000000100000000)
  region size 1024K, 5 young (5120K), 5 survivors (5120K)
 Metaspace       used 114716K, capacity 118148K, committed 118224K, reserved 1150976K
  class space    used 14724K, capacity 16052K, committed 16128K, reserved 1048576K
}
Event: 41.612 GC heap before
{Heap before GC invocations=71 (full 0):
 garbage-first heap   total 211968K, used 176353K [0x0000000080000000, 0x0000000100000000)
  region size 1024K, 27 young (27648K), 5 survivors (5120K)
 Metaspace       used 116159K, capacity 119792K, committed 120144K, reserved 1153024K
  class space    used 14990K, capacity 16372K, committed 16512K, reserved 1048576K
}
Event: 41.620 GC heap after
{Heap after GC invocations=72 (full 0):
 garbage-first heap   total 211968K, used 159469K [0x0000000080000000, 0x0000000100000000)
  region size 1024K, 4 young (4096K), 4 survivors (4096K)
 Metaspace       used 116159K, capacity 119792K, committed 120144K, reserved 1153024K
  class space    used 14990K, capacity 16372K, committed 16512K, reserved 1048576K
}
Event: 41.738 GC heap before
{Heap before GC invocations=73 (full 0):
 garbage-first heap   total 211968K, used 178925K [0x0000000080000000, 0x0000000100000000)
  region size 1024K, 24 young (24576K), 4 survivors (4096K)
 Metaspace       used 118070K, capacity 122170K, committed 122320K, reserved 1155072K
  class space    used 15440K, capacity 17128K, committed 17152K, reserved 1048576K
}
Event: 41.745 GC heap after
{Heap after GC invocations=74 (full 0):
 garbage-first heap   total 211968K, used 162628K [0x0000000080000000, 0x0000000100000000)
  region size 1024K, 3 young (3072K), 3 survivors (3072K)
 Metaspace       used 118070K, capacity 122170K, committed 122320K, reserved 1155072K
  class space    used 15440K, capacity 17128K, committed 17152K, reserved 1048576K
}
Event: 41.780 GC heap before
{Heap before GC invocations=74 (full 0):
 garbage-first heap   total 211968K, used 168772K [0x0000000080000000, 0x0000000100000000)
  region size 1024K, 10 young (10240K), 3 survivors (3072K)
 Metaspace       used 118604K, capacity 122953K, committed 123216K, reserved 1155072K
  class space    used 15599K, capacity 17432K, committed 17536K, reserved 1048576K
}
Event: 41.787 GC heap after
{Heap after GC invocations=75 (full 0):
 garbage-first heap   total 329728K, used 162863K [0x0000000080000000, 0x0000000100000000)
  region size 1024K, 2 young (2048K), 2 survivors (2048K)
 Metaspace       used 118604K, capacity 122953K, committed 123216K, reserved 1155072K
  class space    used 15599K, capacity 17432K, committed 17536K, reserved 1048576K
}
Event: 42.035 GC heap before
{Heap before GC invocations=75 (full 0):
 garbage-first heap   total 329728K, used 222255K [0x0000000080000000, 0x0000000100000000)
  region size 1024K, 61 young (62464K), 2 survivors (2048K)
 Metaspace       used 122325K, capacity 127341K, committed 127568K, reserved 1159168K
  class space    used 16375K, capacity 18484K, committed 18560K, reserved 1048576K
}
Event: 42.045 GC heap after
{Heap after GC invocations=76 (full 0):
 garbage-first heap   total 329728K, used 171584K [0x0000000080000000, 0x0000000100000000)
  region size 1024K, 8 young (8192K), 8 survivors (8192K)
 Metaspace       used 122325K, capacity 127341K, committed 127568K, reserved 1159168K
  class space    used 16375K, capacity 18484K, committed 18560K, reserved 1048576K
}
Event: 42.205 GC heap before
{Heap before GC invocations=76 (full 0):
 garbage-first heap   total 329728K, used 233024K [0x0000000080000000, 0x0000000100000000)
  region size 1024K, 68 young (69632K), 8 survivors (8192K)
 Metaspace       used 123798K, capacity 128937K, committed 129104K, reserved 1159168K
  class space    used 16651K, capacity 18803K, committed 18816K, reserved 1048576K
}
Event: 42.213 GC heap after
{Heap after GC invocations=77 (full 0):
 garbage-first heap   total 329728K, used 175455K [0x0000000080000000, 0x0000000100000000)
  region size 1024K, 4 young (4096K), 4 survivors (4096K)
 Metaspace       used 123798K, capacity 128937K, committed 129104K, reserved 1159168K
  class space    used 16651K, capacity 18803K, committed 18816K, reserved 1048576K
}
Event: 42.372 GC heap before
{Heap before GC invocations=77 (full 0):
 garbage-first heap   total 329728K, used 238943K [0x0000000080000000, 0x0000000100000000)
  region size 1024K, 66 young (67584K), 4 survivors (4096K)
 Metaspace       used 125118K, capacity 130421K, committed 130768K, reserved 1161216K
  class space    used 16869K, capacity 19108K, committed 19200K, reserved 1048576K
}
Event: 42.376 GC heap after
{Heap after GC invocations=78 (full 0):
 garbage-first heap   total 329728K, used 175841K [0x0000000080000000, 0x0000000100000000)
  region size 1024K, 5 young (5120K), 5 survivors (5120K)
 Metaspace       used 125118K, capacity 130421K, committed 130768K, reserved 1161216K
  class space    used 16869K, capacity 19108K, committed 19200K, reserved 1048576K
}
Event: 42.502 GC heap before
{Heap before GC invocations=78 (full 0):
 garbage-first heap   total 329728K, used 242401K [0x0000000080000000, 0x0000000100000000)
  region size 1024K, 71 young (72704K), 5 survivors (5120K)
 Metaspace       used 125804K, capacity 131252K, committed 131408K, reserved 1161216K
  class space    used 16988K, capacity 19289K, committed 19328K, reserved 1048576K
}

